****************************************************
* FILE:C:\Users\candy\Desktop\mcm\cone-empty.frd
* INFO: cone-empty
* Data: db(Response), Group Delay (sec) 
****************************************************
    1.000   +65.6568    +0.0000  
    1.010   +65.6568    +0.0000  
    1.020   +65.6568    +0.0000  
    1.029   +65.6568    +0.0000  
    1.040   +65.6568    +0.0000  
    1.051   +65.6568    +0.0000  
    1.061   +65.6568    +0.0000  
    1.071   +65.6568    +0.0000  
    1.082   +65.6568    +0.0000  
    1.093   +65.6568    +0.0000  
    1.104   +65.6568    +0.0000  
    1.115   +65.6568    +0.0000  
    1.126   +65.6568    +0.0000  
    1.137   +65.6568    +0.0000  
    1.148   +65.6568    +0.0000  
    1.160   +65.6568    +0.0000  
    1.172   +65.6568    +0.0000  
    1.183   +65.6568    +0.0000  
    1.195   +65.6568    +0.0000  
    1.207   +65.6568    +0.0000  
    1.219   +65.6568    +0.0000  
    1.231   +65.6568    +0.0000  
    1.243   +65.6568    +0.0000  
    1.256   +65.6568    +0.0000  
    1.269   +65.6568    +0.0000  
    1.281   +65.6568    +0.0000  
    1.294   +65.6568    +0.0000  
    1.307   +65.6568    +0.0000  
    1.319   +65.6568    +0.0000  
    1.333   +65.6568    +0.0000  
    1.346   +65.6568    +0.0000  
    1.359   +65.6568    +0.0000  
    1.373   +65.6568    +0.0000  
    1.387   +65.6568    +0.0000  
    1.400   +65.6568    +0.0000  
    1.414   +65.6568    +0.0000  
    1.429   +65.6568    +0.0000  
    1.442   +65.6568    -0.0006  
    1.457   +65.6578    +0.0117  
    1.472   +65.6621    +0.0530  
    1.486   +65.6696    +0.0969  
    1.501   +65.6783    +0.1137  
    1.516   +65.6871    +0.1163  
    1.531   +65.6959    +0.1190  
    1.546   +65.7049    +0.1218  
    1.562   +65.7139    +0.1246  
    1.577   +65.7230    +0.1276  
    1.593   +65.7322    +0.1307  
    1.609   +65.7416    +0.1338  
    1.625   +65.7510    +0.1371  
    1.642   +65.7605    +0.1404  
    1.657   +65.7701    +0.1439  
    1.674   +65.7797    +0.1475  
    1.690   +65.7895    +0.1511  
    1.708   +65.7994    +0.1549  
    1.725   +65.8094    +0.1587  
    1.742   +65.8195    +0.1627  
    1.759   +65.8296    +0.1667  
    1.776   +65.8399    +0.1708  
    1.794   +65.8503    +0.1750  
    1.813   +65.8608    +0.1792  
    1.830   +65.8714    +0.1835  
    1.849   +65.8821    +0.1878  
    1.867   +65.8929    +0.1921  
    1.886   +65.9038    +0.1964  
    1.904   +65.9148    +0.2007  
    1.923   +65.9259    +0.2050  
    1.942   +65.9372    +0.2091  
    1.962   +65.9485    +0.2132  
    1.981   +65.9600    +0.2171  
    2.001   +65.9716    +0.2209  
    2.021   +65.9833    +0.2244  
    2.041   +65.9951    +0.2277  
    2.062   +66.0070    +0.2307  
    2.082   +66.0191    +0.2334  
    2.103   +66.0312    +0.2358  
    2.124   +66.0435    +0.2377  
    2.145   +66.0559    +0.2392  
    2.166   +66.0684    +0.2402  
    2.188   +66.0811    +0.2408  
    2.210   +66.0939    +0.2408  
    2.231   +66.1068    +0.2403  
    2.254   +66.1198    +0.2392  
    2.276   +66.1330    +0.2377  
    2.299   +66.1463    +0.2355  
    2.322   +66.1597    +0.2329  
    2.345   +66.1733    +0.2298  
    2.368   +66.1870    +0.2261  
    2.393   +66.2009    +0.2221  
    2.416   +66.2148    +0.2176  
    2.440   +66.2290    +0.2128  
    2.465   +66.2432    +0.2076  
    2.489   +66.2576    +0.2022  
    2.514   +66.2722    +0.1966  
    2.539   +66.2868    +0.1907  
    2.564   +66.3017    +0.1848  
    2.590   +66.3167    +0.1787  
    2.615   +66.3318    +0.1726  
    2.642   +66.3471    +0.1665  
    2.668   +66.3625    +0.1605  
    2.694   +66.3781    +0.1544  
    2.722   +66.3939    +0.1485  
    2.748   +66.4098    +0.1426  
    2.775   +66.4258    +0.1369  
    2.804   +66.4420    +0.1314  
    2.831   +66.4584    +0.1259  
    2.859   +66.4750    +0.1207  
    2.888   +66.4917    +0.1013  
    2.917   +66.5095    +0.0629  
    2.946   +66.5301    +0.0382  
    2.976   +66.5532    +0.0383  
    3.005   +66.5773    +0.0416  
    3.035   +66.6016    +0.0417  
    3.065   +66.6262    +0.0418  
    3.096   +66.6510    +0.0419  
    3.127   +66.6761    +0.0420  
    3.157   +66.7014    +0.0421  
    3.189   +66.7270    +0.0422  
    3.221   +66.7528    +0.0423  
    3.253   +66.7789    +0.0424  
    3.285   +66.8052    +0.0425  
    3.318   +66.8318    +0.0425  
    3.352   +66.8587    +0.0426  
    3.385   +66.8858    +0.0427  
    3.418   +66.9132    +0.0427  
    3.452   +66.9409    +0.0428  
    3.486   +66.9688    +0.0428  
    3.521   +66.9970    +0.0429  
    3.557   +67.0256    +0.0429  
    3.592   +67.0543    +0.0429  
    3.628   +67.0834    +0.0429  
    3.664   +67.1128    +0.0429  
    3.700   +67.1425    +0.0429  
    3.737   +67.1724    +0.0429  
    3.774   +67.2027    +0.0429  
    3.813   +67.2332    +0.0429  
    3.851   +67.2641    +0.0429  
    3.889   +67.2953    +0.0428  
    3.928   +67.3267    +0.0428  
    3.967   +67.3585    +0.0427  
    4.006   +67.3906    +0.0426  
    4.046   +67.4231    +0.0425  
    4.086   +67.4558    +0.0424  
    4.127   +67.4889    +0.0423  
    4.168   +67.5223    +0.0422  
    4.210   +67.5561    +0.0421  
    4.252   +67.5901    +0.0419  
    4.294   +67.6246    +0.0418  
    4.337   +67.6593    +0.0388  
    4.380   +67.7091    +0.0464  
    4.424   +67.7957    +0.0784  
    4.468   +67.9123    +0.1097  
    4.512   +68.0373    +0.1225  
    4.557   +68.1635    +0.1288  
    4.603   +68.2910    +0.1352  
    4.648   +68.4197    +0.1418  
    4.694   +68.5497    +0.1484  
    4.741   +68.6810    +0.1550  
    4.789   +68.8136    +0.1613  
    4.836   +68.9476    +0.1674  
    4.885   +69.0829    +0.1729  
    4.934   +69.2195    +0.1778  
    4.982   +69.3575    +0.1819  
    5.032   +69.4968    +0.1849  
    5.082   +69.6376    +0.1868  
    5.133   +69.7797    +0.1874  
    5.184   +69.9233    +0.1866  
    5.235   +70.0683    +0.1845  
    5.288   +70.2147    +0.1812  
    5.341   +70.3626    +0.1766  
    5.394   +70.5120    +0.1710  
    5.447   +70.6628    +0.1645  
    5.502   +70.8152    +0.1574  
    5.557   +70.9691    +0.1498  
    5.611   +71.1245    +0.1419  
    5.668   +71.2815    +0.1339  
    5.725   +71.4400    +0.1260  
    5.781   +71.6001    +0.1010  
    5.839   +71.7914    +0.0507  
    5.897   +72.0597    +0.0096  
    5.956   +72.3922    -0.0029  
    6.015   +72.7439    -0.0039  
    6.075   +73.0991    -0.0039  
    6.136   +73.4579    -0.0039  
    6.196   +73.8202    -0.0039  
    6.259   +74.1861    -0.0039  
    6.320   +74.5557    -0.0039  
    6.384   +74.9289    -0.0039  
    6.447   +75.3059    -0.0039  
    6.512   +75.6867    -0.0039  
    6.576   +76.0712    -0.0039  
    6.642   +76.4595    -0.0039  
    6.708   +76.8518    -0.0039  
    6.775   +77.2479    -0.0039  
    6.843   +77.6480    -0.0039  
    6.911   +78.0520    -0.0039  
    6.979   +78.4601    -0.0039  
    7.049   +78.8723    -0.0039  
    7.119   +79.2886    -0.0039  
    7.190   +79.7090    -0.0078  
    7.262   +80.0929    -0.0370  
    7.334   +80.1522    -0.0638  
    7.407   +79.6770    -0.0461  
    7.481   +78.9501    -0.0305  
    7.556   +78.2159    -0.0403  
    7.631   +77.4744    -0.0560  
    7.707   +76.7255    -0.0835  
    7.784   +75.9691    -0.1385  
    7.861   +75.2052    -0.2744  
    7.939   +74.4337    -0.7328  
    8.019   +73.6545    -1.6738  
    8.099   +72.8675    -1.6186  
    8.180   +72.0727    -0.6632  
    8.261   +71.2700    -0.2483  
    8.343   +70.4593    -0.1246  
    8.426   +69.6405    -0.0743  
    8.510   +68.8135    -0.0491  
    8.595   +67.9783    -0.0348  
    8.681   +67.1348    -0.0716  
    8.767   +66.6411    -0.1369  
    8.854   +66.9784    -0.1418  
    8.942   +67.9165    -0.1274  
    9.032   +68.9836    -0.1507  
    9.122   +70.0613    -0.1978  
    9.213   +71.1498    -0.2632  
    9.305   +72.2491    -0.3475  
    9.397   +73.3594    -0.4359  
    9.491   +74.4807    -0.4903  
    9.585   +75.6132    -0.4750  
    9.681   +76.7570    -0.3993  
    9.777   +77.9115    -0.3058  
    9.875   +79.0752    -0.2258  
    9.973   +80.2462    -0.1668  
   10.072   +81.4199    -0.1295  
   10.173   +82.5360    -0.1198  
   10.274   +83.3069    -0.1061  
   10.377   +83.5576    -0.0672  
   10.479   +83.5764    -0.0453  
   10.584   +83.5956    -0.0456  
   10.689   +83.6154    -0.0459  
   10.796   +83.6357    -0.0460  
   10.903   +83.6565    -0.0461  
   11.013   +83.6778    -0.0461  
   11.122   +83.7019    -0.0461  
   11.233   +83.7341    -0.0459  
   11.345   +83.7752    -0.0456  
   11.458   +83.8202    -0.0452  
   11.572   +83.8663    -0.0430  
   11.688   +83.9491    -0.0350  
   11.804   +84.1176    -0.0235  
   11.922   +84.3500    -0.0167  
   12.040   +84.5981    -0.0154  
   12.160   +84.8487    -0.0154  
   12.281   +85.1020    -0.0154  
   12.403   +85.3567    -0.0154  
   12.527   +85.6110    -0.0154  
   12.652   +85.8650    -0.0154  
   12.778   +86.1203    -0.0154  
   12.905   +86.3778    -0.0154  
   13.034   +86.6377    -0.0104  
   13.164   +86.8679    +0.0071  
   13.295   +87.0297    +0.0284  
   13.428   +87.1492    +0.0385  
   13.562   +87.2643    +0.0400  
   13.696   +87.3808    +0.0402  
   13.833   +87.4993    +0.0403  
   13.971   +87.6212    +0.0403  
   14.109   +87.7465    +0.0403  
   14.250   +87.8747    +0.0401  
   14.393   +88.0056    +0.0389  
   14.536   +88.1454    +0.0334  
   14.681   +88.3265    +0.0240  
   14.827   +88.5674    +0.0178  
   14.975   +88.8361    +0.0165  
   15.124   +89.1076    +0.0166  
   15.274   +89.3819    +0.0166  
   15.427   +89.6591    +0.0166  
   15.580   +89.9391    +0.0166  
   15.735   +90.2218    +0.0166  
   15.893   +90.5072    +0.0159  
   16.051   +90.7833    +0.0139  
   16.211   +91.0306    +0.0116  
   16.372   +91.2531    +0.0105  
   16.535   +91.4702    +0.0103  
   16.700   +91.6895    +0.0103  
   16.866   +91.9111    +0.0103  
   17.034   +92.1351    +0.0103  
   17.204   +92.3614    +0.0103  
   17.375   +92.5901    +0.0102  
   17.549   +92.8260    +0.0103  
   17.724   +93.0749    +0.0106  
   17.900   +93.3337    +0.0108  
   18.078   +93.5978    +0.0108  
   18.259   +93.8660    +0.0108  
   18.440   +94.1374    +0.0108  
   18.624   +94.4117    +0.0108  
   18.810   +94.6889    +0.0135  
   18.997   +94.9248    +0.0255  
   19.187   +95.0604    +0.0435  
   19.377   +95.1245    +0.0544  
   19.570   +95.1751    +0.0570  
   19.766   +95.2263    +0.0573  
   19.962   +95.2785    +0.0571  
   20.161   +95.3323    +0.0524  
   20.362   +95.3884    +0.0305  
   20.565   +95.4500    -0.0057  
   20.770   +95.5186    -0.0311  
   20.977   +95.5906    -0.0377  
   21.186   +95.6633    -0.0379  
   21.396   +95.7368    -0.0378  
   21.610   +95.8111    -0.0356  
   21.825   +95.9095    -0.0253  
   22.043   +96.1047    -0.0056  
   22.263   +96.4238    +0.0109  
   22.484   +96.7955    +0.0160  
   22.708   +97.1709    +0.0160  
   22.935   +97.5501    +0.0160  
   23.163   +97.9331    +0.0145  
   23.394   +98.2154    +0.0100  
   23.627   +98.2671    +0.0052  
   23.862   +98.1657    +0.0032  
   24.100   +98.0389    +0.0029  
   24.340   +97.9109    +0.0029  
   24.582   +97.7817    +0.0012  
   24.827   +97.7483    -0.0042  
   25.075   +97.9514    -0.0108  
   25.324   +98.3388    -0.0142  
   25.577   +98.7731    -0.0148  
   25.832   +99.2119    -0.0148  
   26.089   +99.6552    -0.0114  
   26.349  +100.0054    -0.0007  
   26.611  +100.1566    +0.0110  
   26.877  +100.1971    +0.0157  
   27.145  +100.2306    +0.0159  
   27.415  +100.2645    +0.0159  
   27.688  +100.3133    +0.0161  
   27.964  +100.4076    +0.0170  
   28.242  +100.5495    +0.0179  
   28.523  +100.7090    +0.0183  
   28.808  +100.8703    +0.0178  
   29.095  +101.0418    +0.0156  
   29.385  +101.2520    +0.0119  
   29.678  +101.5126    +0.0093  
   29.974  +101.7956    +0.0086  
   30.271  +102.0815    +0.0084  
   30.573  +102.3545    +0.0072  
   30.878  +102.5726    +0.0053  
   31.186  +102.7252    +0.0040  
   31.496  +102.8534    +0.0037  
   31.811  +102.9829    +0.0036  
   32.127  +103.0935    +0.0035  
   32.447  +103.1556    +0.0033  
   32.771  +103.1795    +0.0032  
   33.097  +103.1945    +0.0034  
   33.427  +103.2289    +0.0052  
   33.760  +103.3783    +0.0091  
   34.096  +103.7004    +0.0126  
   34.436  +104.1018    +0.0137  
   34.778  +104.5072    +0.0136  
   35.125  +104.8482    +0.0136  
   35.476  +105.0490    +0.0140  
   35.829  +105.1699    +0.0144  
   36.186  +105.2852    +0.0141  
   36.546  +105.3839    +0.0135  
   36.910  +105.4435    +0.0132  
   37.278  +105.4766    +0.0133  
   37.649  +105.5055    +0.0130  
   38.024  +105.5466    +0.0125  
   38.403  +105.6145    +0.0124  
   38.786  +105.6999    +0.0124  
   39.172  +105.7870    +0.0128  
   39.563  +105.8217    +0.0145  
   39.957  +105.7551    +0.0167  
   40.354  +105.6385    +0.0175  
   40.757  +105.5150    +0.0173  
   41.163  +105.3664    +0.0176  
   41.573  +105.1875    +0.0180  
   41.989  +104.9748    +0.0176  
   42.410  +104.7058    +0.0167  
   42.834  +104.3717    +0.0156  
   43.261  +103.9643    +0.0134  
   43.692  +103.4587    +0.0098  
   44.128  +102.8391    +0.0052  
   44.567  +102.0989    -0.0006  
   45.011  +101.2363    -0.0077  
   45.460  +100.2578    -0.0158  
   45.912   +99.1945    -0.0252  
   46.370   +98.1965    -0.0358  
   46.832   +97.4999    -0.0459  
   47.299   +97.2315    -0.0526  
   47.770   +97.3568    -0.0520  
   48.245   +97.7380    -0.0437  
   48.727   +98.2535    -0.0325  
   49.212   +98.8878    -0.0232  
   49.702   +99.6655    -0.0177  
   50.197  +100.5792    -0.0148  
   50.697  +101.5544    -0.0114  
   51.202  +102.4610    -0.0067  
   51.713  +103.2129    -0.0021  
   52.228  +103.8302    +0.0010  
   52.748  +104.4009    +0.0022  
   53.273  +104.9855    +0.0025  
   53.805  +105.5682    +0.0026  
   54.340  +106.1060    +0.0029  
   54.882  +106.5807    +0.0029  
   55.429  +107.0083    +0.0025  
   55.980  +107.4161    +0.0023  
   56.538  +107.8007    +0.0031  
   57.102  +108.1331    +0.0049  
   57.671  +108.4135    +0.0069  
   58.245  +108.6920    +0.0079  
   58.825  +109.0257    +0.0076  
   59.411  +109.4131    +0.0063  
   60.003  +109.7891    +0.0045  
   60.602  +110.0890    +0.0031  
   61.205  +110.3010    +0.0024  
   61.814  +110.4637    +0.0026  
   62.431  +110.6281    +0.0032  
   63.053  +110.8280    +0.0040  
   63.681  +111.0719    +0.0051  
   64.315  +111.3426    +0.0063  
   64.956  +111.6148    +0.0068  
   65.604  +111.8792    +0.0062  
   66.257  +112.1445    +0.0055  
   66.917  +112.4214    +0.0056  
   67.583  +112.7069    +0.0067  
   68.257  +112.9760    +0.0073  
   68.937  +113.1992    +0.0067  
   69.624  +113.3669    +0.0054  
   70.317  +113.4991    +0.0043  
   71.018  +113.6426    +0.0038  
   71.726  +113.8308    +0.0036  
   72.439  +114.0251    +0.0038  
   73.161  +114.1431    +0.0043  
   73.891  +114.1593    +0.0047  
   74.627  +114.1373    +0.0044  
   75.370  +114.1756    +0.0034  
   76.121  +114.3165    +0.0024  
   76.880  +114.4984    +0.0018  
   77.646  +114.6426    +0.0019  
   78.419  +114.7461    +0.0026  
   79.200  +114.8552    +0.0033  
   79.989  +115.0079    +0.0039  
   80.786  +115.1980    +0.0041  
   81.591  +115.3842    +0.0038  
   82.404  +115.5456    +0.0033  
   83.225  +115.6903    +0.0028  
   84.054  +115.8225    +0.0027  
   84.892  +115.9419    +0.0028  
   85.737  +116.0608    +0.0030  
   86.591  +116.1907    +0.0033  
   87.454  +116.3247    +0.0035  
   88.325  +116.4411    +0.0036  
   89.205  +116.5203    +0.0036  
   90.094  +116.5732    +0.0035  
   90.991  +116.6316    +0.0034  
   91.898  +116.7138    +0.0032  
   92.813  +116.8108    +0.0030  
   93.738  +116.9020    +0.0029  
   94.672  +116.9807    +0.0030  
   95.615  +117.0567    +0.0031  
   96.568  +117.1408    +0.0029  
   97.530  +117.2297    +0.0027  
   98.502  +117.3100    +0.0025  
   99.483  +117.3759    +0.0023  
  100.475  +117.4328    +0.0022  
  101.476  +117.4912    +0.0020  
  102.486  +117.5580    +0.0020  
  103.507  +117.6329    +0.0022  
  104.538  +117.7080    +0.0024  
  105.580  +117.7782    +0.0025  
  106.632  +117.8474    +0.0025  
  107.694  +117.9198    +0.0023  
  108.767  +117.9962    +0.0022  
  109.851  +118.0711    +0.0020  
  110.945  +118.1382    +0.0020  
  112.051  +118.1980    +0.0020  
  113.167  +118.2527    +0.0021  
  114.294  +118.2976    +0.0022  
  115.433  +118.3314    +0.0023  
  116.583  +118.3651    +0.0023  
  117.744  +118.4035    +0.0021  
  118.917  +118.4514    +0.0021  
  120.103  +118.5075    +0.0022  
  121.299  +118.5606    +0.0023  
  122.507  +118.6070    +0.0022  
  123.728  +118.6324    +0.0020  
  124.960  +118.6280    +0.0019  
  126.205  +118.6090    +0.0017  
  127.463  +118.5969    +0.0015  
  128.732  +118.6081    +0.0014  
  130.015  +118.6407    +0.0014  
  131.311  +118.6803    +0.0014  
  132.618  +118.7135    +0.0013  
  133.939  +118.7356    +0.0013  
  135.274  +118.7451    +0.0013  
  136.622  +118.7494    +0.0013  
  137.983  +118.7648    +0.0013  
  139.357  +118.7904    +0.0012  
  140.746  +118.8128    +0.0011  
  142.148  +118.8165    +0.0011  
  143.564  +118.7953    +0.0011  
  144.995  +118.7668    +0.0011  
  146.439  +118.7469    +0.0011  
  147.898  +118.7411    +0.0010  
  149.372  +118.7527    +0.0008  
  150.860  +118.7744    +0.0008  
  152.363  +118.7939    +0.0008  
  153.881  +118.8043    +0.0010  
  155.414  +118.8057    +0.0010  
  156.962  +118.8048    +0.0010  
  158.526  +118.8067    +0.0008  
  160.105  +118.8065    +0.0006  
  161.700  +118.8020    +0.0005  
  163.312  +118.8036    +0.0005  
  164.938  +118.8096    +0.0005  
  166.582  +118.8181    +0.0006  
  168.241  +118.8334    +0.0006  
  169.918  +118.8488    +0.0005  
  171.610  +118.8630    +0.0004  
  173.320  +118.8735    +0.0004  
  175.047  +118.8780    +0.0005  
  176.791  +118.8892    +0.0006  
  178.552  +118.9090    +0.0007  
  180.331  +118.9271    +0.0007  
  182.128  +118.9362    +0.0006  
  183.942  +118.9306    +0.0006  
  185.774  +118.9151    +0.0005  
  187.625  +118.8997    +0.0004  
  189.495  +118.8894    +0.0004  
  191.383  +118.8910    +0.0003  
  193.289  +118.9084    +0.0002  
  195.215  +118.9376    +0.0003  
  197.160  +118.9668    +0.0006  
  199.124  +118.9876    +0.0007  
  201.107  +118.9970    +0.0007  
  203.111  +118.9881    +0.0006  
  205.135  +118.9649    +0.0004  
  207.179  +118.9397    +0.0002  
  209.243  +118.9135    +0.0002  
  211.327  +118.8945    +0.0003  
  213.433  +118.8927    +0.0004  
  215.560  +118.8921    +0.0005  
  217.707  +118.8801    +0.0004  
  219.876  +118.8535    +0.0003  
  222.066  +118.8192    +0.0001  
  224.278  +118.7999    +0.0000  
  226.513  +118.7979    +0.0001  
  228.770  +118.8002    +0.0002  
  231.049  +118.8025    +0.0003  
  233.351  +118.7977    +0.0003  
  235.676  +118.7754    +0.0002  
  238.023  +118.7369    +0.0000  
  240.395  +118.6938    -0.0001  
  242.790  +118.6632    -0.0003  
  245.209  +118.6567    -0.0003  
  247.651  +118.6763    -0.0001  
  250.119  +118.7237    +0.0001  
  252.611  +118.7800    +0.0004  
  255.128  +118.8073    +0.0004  
  257.669  +118.7863    +0.0003  
  260.236  +118.7288    +0.0000  
  262.829  +118.6693    -0.0001  
  265.447  +118.6385    -0.0002  
  268.092  +118.6355    -0.0002  
  270.763  +118.6452    -0.0001  
  273.461  +118.6533    +0.0000  
  276.185  +118.6515    +0.0001  
  278.937  +118.6358    +0.0001  
  281.716  +118.6044    -0.0001  
  284.522  +118.5736    -0.0002  
  287.356  +118.5636    -0.0003  
  290.220  +118.5764    -0.0002  
  293.111  +118.5891    -0.0001  
  296.031  +118.5883    -0.0000  
  298.980  +118.5861    -0.0000  
  301.959  +118.5925    -0.0000  
  304.968  +118.6031    -0.0000  
  308.006  +118.5978    -0.0001  
  311.074  +118.5710    -0.0001  
  314.174  +118.5406    -0.0002  
  317.304  +118.5225    -0.0003  
  320.465  +118.5211    -0.0003  
  323.657  +118.5298    -0.0003  
  326.882  +118.5391    -0.0003  
  330.139  +118.5476    -0.0002  
  333.428  +118.5593    -0.0001  
  336.750  +118.5688    +0.0000  
  340.104  +118.5682    +0.0001  
  343.493  +118.5567    -0.0000  
  346.915  +118.5386    -0.0001  
  350.371  +118.5277    -0.0002  
  353.861  +118.5391    -0.0003  
  357.388  +118.5594    -0.0002  
  360.948  +118.5660    -0.0002  
  364.544  +118.5676    -0.0002  
  368.176  +118.5721    -0.0002  
  371.844  +118.5780    -0.0001  
  375.548  +118.5941    -0.0001  
  379.290  +118.6111    -0.0002  
  383.068  +118.6171    -0.0002  
  386.885  +118.6264    -0.0002  
  390.739  +118.6451    -0.0002  
  394.632  +118.6702    -0.0001  
  398.563  +118.6900    -0.0001  
  402.534  +118.6941    -0.0002  
  406.545  +118.6999    -0.0002  
  410.595  +118.7171    -0.0001  
  414.686  +118.7338    -0.0000  
  418.817  +118.7467    -0.0001  
  422.989  +118.7651    -0.0001  
  427.204  +118.7695    -0.0001  
  431.460  +118.7295    -0.0002  
  435.759  +118.6685    -0.0003  
  440.100  +118.6354    -0.0004  
  444.484  +118.6675    -0.0004  
  448.913  +118.7497    -0.0002  
  453.385  +118.8214    -0.0001  
  457.902  +118.8460    -0.0001  
  462.464  +118.8179    -0.0002  
  467.071  +118.7719    -0.0003  
  471.725  +118.7702    -0.0003  
  476.425  +118.8424    -0.0002  
  481.171  +118.9410    -0.0001  
  485.965  +118.9875    -0.0001  
  490.806  +118.9643    -0.0001  
  495.696  +118.9270    -0.0002  
  500.635  +118.9300    -0.0002  
  505.622  +118.9604    -0.0001  
  510.659  +118.9865    -0.0000  
  515.747  +119.0037    +0.0001  
  520.885  +118.9976    +0.0001  
  526.074  +118.9407    +0.0001  
  531.315  +118.8107    -0.0002  
  536.609  +118.6542    -0.0005  
  541.955  +118.5611    -0.0006  
  547.354  +118.5652    -0.0004  
  552.808  +118.6324    -0.0002  
  558.315  +118.6800    -0.0001  
  563.878  +118.6771    -0.0002  
  569.495  +118.6531    -0.0004  
  575.169  +118.6469    -0.0004  
  580.899  +118.6924    -0.0003  
  586.687  +118.7599    -0.0002  
  592.531  +118.8102    -0.0001  
  598.435  +118.8479    -0.0000  
  604.396  +118.8705    +0.0001  
  610.418  +118.8551    +0.0001  
  616.500  +118.7795    -0.0000  
  622.642  +118.6468    -0.0002  
  628.845  +118.5223    -0.0005  
  635.109  +118.4861    -0.0006  
  641.438  +118.5233    -0.0005  
  647.828  +118.5728    -0.0003  
  654.282  +118.5716    -0.0003  
  660.800  +118.5013    -0.0003  
  667.384  +118.4495    -0.0004  
  674.032  +118.4660    -0.0003  
  680.748  +118.4928    -0.0002  
  687.530  +118.5064    -0.0002  
  694.380  +118.4996    -0.0003  
  701.298  +118.4402    -0.0004  
  708.284  +118.3642    -0.0005  
  715.341  +118.3293    -0.0005  
  722.468  +118.4044    -0.0005  
  729.665  +118.6248    -0.0003  
  736.935  +118.9153    +0.0001  
  744.276  +119.1275    +0.0004  
  751.691  +119.0852    +0.0002  
  759.181  +118.7865    -0.0004  
  766.744  +118.4887    -0.0008  
  774.383  +118.4673    -0.0007  
  782.098  +118.7425    -0.0001  
  789.890  +119.0451    +0.0004  
  797.759  +119.0826    +0.0005  
  805.707  +118.7793    +0.0001  
  813.733  +118.2448    -0.0006  
  821.841  +117.6978    -0.0015  
  830.028  +117.4834    -0.0019  
  838.298  +117.8299    -0.0015  
  846.649  +118.5873    -0.0005  
  855.084  +119.3737    +0.0005  
  863.604  +119.8277    +0.0009  
  872.207  +119.8688    +0.0007  
  880.896  +119.7102    +0.0003  
  889.673  +119.5429    +0.0001  
  898.536  +119.4112    -0.0000  
  907.488  +119.2753    -0.0001  
  916.529  +119.1085    -0.0002  
  925.660  +118.9640    -0.0003  
  934.883  +118.8806    -0.0003  
  944.196  +118.8147    -0.0002  
  953.604  +118.7167    -0.0003  
  963.104  +118.5978    -0.0003  
  972.699  +118.4984    -0.0005  
  982.390  +118.4673    -0.0005  
  992.177  +118.5379    -0.0003  
 1002.062  +118.6441    -0.0002  
 1012.045  +118.6901    -0.0001  
 1022.128  +118.6698    -0.0001  
 1032.311  +118.6103    -0.0002  
 1042.596  +118.4852    -0.0002  
 1052.982  +118.3072    -0.0002  
 1063.473  +118.1061    -0.0003  
 1074.068  +117.8480    -0.0007  
 1084.769  +117.6707    -0.0010  
 1095.576  +117.7588    -0.0009  
 1106.490  +118.0739    -0.0004  
 1117.515  +118.4290    +0.0001  
 1128.647  +118.6067    +0.0003  
 1139.893  +118.5668    +0.0001  
 1151.249  +118.4419    -0.0002  
 1162.718  +118.3107    -0.0002  
 1174.302  +118.1938    -0.0002  
 1186.001  +118.1006    -0.0002  
 1197.817  +117.9977    -0.0002  
 1209.751  +117.8690    -0.0002  
 1221.803  +117.7138    -0.0003  
 1233.976  +117.5666    -0.0004  
 1246.270  +117.4240    -0.0003  
 1258.686  +117.2116    -0.0003  
 1271.226  +116.8937    -0.0004  
 1283.890  +116.4282    -0.0007  
 1296.681  +115.8245    -0.0014  
 1309.600  +115.4909    -0.0018  
 1322.646  +115.9724    -0.0016  
 1335.824  +117.1232    -0.0007  
 1349.132  +118.3475    +0.0004  
 1362.573  +119.0273    +0.0008  
 1376.148  +118.9579    +0.0004  
 1389.858  +118.5881    -0.0001  
 1403.705  +118.2493    -0.0005  
 1417.689  +118.0974    -0.0007  
 1431.813  +118.3310    -0.0006  
 1446.078  +118.8688    -0.0001  
 1460.485  +119.3905    +0.0003  
 1475.035  +119.5766    +0.0004  
 1489.730  +119.3375    +0.0001  
 1504.572  +118.9741    -0.0002  
 1519.563  +118.7436    -0.0003  
 1534.701  +118.6180    -0.0003  
 1549.991  +118.5548    -0.0003  
 1565.434  +118.5009    -0.0003  
 1581.029  +118.4216    -0.0003  
 1596.780  +118.3267    -0.0003  
 1612.688  +118.2336    -0.0003  
 1628.756  +118.1698    -0.0004  
 1644.982  +118.1332    -0.0004  
 1661.371  +118.1029    -0.0004  
 1677.923  +118.0608    -0.0004  
 1694.639  +118.0185    -0.0004  
 1711.522  +118.0199    -0.0004  
 1728.573  +118.1182    -0.0004  
 1745.795  +118.2621    -0.0003  
 1763.188  +118.3239    -0.0002  
 1780.754  +118.2474    -0.0003  
 1798.495  +118.1244    -0.0003  
 1816.413  +118.0881    -0.0004  
 1834.509  +118.1516    -0.0004  
 1852.786  +118.3204    -0.0003  
 1871.244  +118.5568    -0.0003  
 1889.888  +118.7902    -0.0002  
 1908.716  +118.9726    -0.0001  
 1927.731  +119.0265    -0.0002  
 1946.937  +118.9585    -0.0002  
 1966.334  +118.8309    -0.0002  
 1985.924  +118.6728    -0.0003  
 2005.709  +118.5040    -0.0005  
 2025.691  +118.5023    -0.0005  
 2045.872  +118.8277    -0.0004  
 2066.255  +119.3172    -0.0002  
 2086.841  +119.6909    +0.0000  
 2107.631  +119.7631    +0.0000  
 2128.629  +119.6163    -0.0001  
 2149.836  +119.4821    -0.0002  
 2171.254  +119.3991    -0.0002  
 2192.885  +119.3177    -0.0003  
 2214.732  +119.2829    -0.0002  
 2236.797  +119.3478    -0.0001  
 2259.082  +119.4487    -0.0001  
 2281.589  +119.4582    -0.0001  
 2304.319  +119.3598    -0.0001  
 2327.276  +119.2537    -0.0002  
 2350.462  +119.1789    -0.0002  
 2373.879  +119.0869    -0.0001  
 2397.529  +118.9051    -0.0001  
 2421.415  +118.6443    -0.0002  
 2445.539  +118.4171    -0.0002  
 2469.903  +118.2588    -0.0002  
 2494.510  +118.1028    -0.0002  
 2519.362  +117.8866    -0.0002  
 2544.462  +117.6038    -0.0002  
 2569.812  +117.2967    -0.0003  
 2595.414  +117.0064    -0.0003  
 2621.271  +116.7628    -0.0004  
 2647.386  +116.5860    -0.0004  
 2673.761  +116.4418    -0.0003  
 2700.398  +116.2790    -0.0003  
 2727.302  +116.0856    -0.0003  
 2754.474  +115.8897    -0.0003  
 2781.916  +115.7124    -0.0003  
 2809.631  +115.5414    -0.0003  
 2837.622  +115.3792    -0.0003  
 2865.893  +115.2106    -0.0003  
 2894.444  +115.0257    -0.0003  
 2923.281  +114.8577    -0.0004  
 2952.405  +114.7173    -0.0004  
 2981.818  +114.6073    -0.0004  
 3011.525  +114.5278    -0.0003  
 3041.529  +114.4549    -0.0003  
 3071.831  +114.3572    -0.0003  
 3102.435  +114.2138    -0.0003  
 3133.343  +114.0448    -0.0003  
 3164.560  +113.9160    -0.0003  
 3196.088  +113.8492    -0.0003  
 3227.929  +113.7885    -0.0003  
 3260.088  +113.6753    -0.0003  
 3292.567  +113.4941    -0.0003  
 3325.369  +113.2668    -0.0003  
 3358.499  +113.0192    -0.0003  
 3391.959  +112.7742    -0.0003  
 3425.752  +112.5510    -0.0003  
 3459.882  +112.3485    -0.0003  
 3494.352  +112.1516    -0.0003  
 3529.165  +111.9498    -0.0003  
 3564.324  +111.7347    -0.0003  
 3599.835  +111.5143    -0.0003  
 3635.699  +111.2916    -0.0004  
 3671.920  +111.0559    -0.0004  
 3708.503  +110.8167    -0.0004  
 3745.449  +110.6147    -0.0004  
 3782.764  +110.4999    -0.0003  
 3820.450  +110.3952    -0.0003  
 3858.513  +110.1544    -0.0003  
 3896.954  +109.8349    -0.0004  
 3935.778  +109.6138    -0.0004  
 3974.989  +109.5635    -0.0003  
 4014.591  +109.5885    -0.0002  
 4054.587  +109.4559    -0.0002  
 4094.981  +109.1052    -0.0002  
 4135.779  +108.6986    -0.0002  
 4176.982  +108.2819    -0.0002  
 4218.598  +107.8014    -0.0002  
 4260.626  +107.1820    -0.0002  
 4303.073  +106.3546    -0.0003  
 4345.942  +105.4893    -0.0004  
 4389.240  +104.8046    -0.0004  
 4432.969  +104.3856    -0.0002  
 4477.133  +104.1254    +0.0001  
 4521.737  +103.5948    +0.0004  
 4566.786  +102.5971    +0.0009  
 4612.283  +101.3126    +0.0017  
 4658.233  +100.3730    +0.0024  
 4704.643  +100.6060    +0.0019  
 4751.514  +102.0257    +0.0010  
 4798.852  +104.1046    +0.0007  
 4846.661  +106.2012    +0.0005  
 4894.946  +107.8291    +0.0002  
 4943.714  +109.0106    +0.0001  
 4992.967  +109.9012    +0.0000  
 5042.710  +110.5772    -0.0001  
 5092.949  +111.1258    -0.0001  
 5143.688  +111.6146    -0.0002  
 5194.933  +112.0522    -0.0002  
 5246.688  +112.4275    -0.0002  
 5298.960  +112.7576    -0.0002  
 5351.752  +113.0792    -0.0002  
 5405.070  +113.4076    -0.0002  
 5458.919  +113.7383    -0.0002  
 5513.305  +114.0656    -0.0002  
 5568.232  +114.3874    -0.0003  
 5623.707  +114.7220    -0.0003  
 5679.733  +115.0875    -0.0003  
 5736.319  +115.4697    -0.0002  
 5793.469  +115.8436    -0.0002  
 5851.188  +116.1957    -0.0002  
 5909.481  +116.5272    -0.0002  
 5968.355  +116.8360    -0.0002  
 6027.817  +117.1067    -0.0002  
 6087.870  +117.3090    -0.0002  
 6148.521  +117.4224    -0.0002  
 6209.778  +117.4686    -0.0002  
 6271.645  +117.4783    -0.0002  
 6334.127  +117.4939    -0.0002  
 6397.232  +117.5515    -0.0002  
 6460.967  +117.6106    -0.0002  
 6525.335  +117.5937    -0.0002  
 6590.346  +117.4495    -0.0002  
 6656.002  +117.1822    -0.0002  
 6722.314  +116.8446    -0.0002  
 6789.286  +116.4671    -0.0003  
 6856.926  +116.0425    -0.0003  
 6925.239  +115.6099    -0.0004  
 6994.233  +115.2900    -0.0004  
 7063.915  +115.1806    -0.0004  
 7134.291  +115.2495    -0.0003  
 7205.368  +115.3728    -0.0003  
 7277.153  +115.4451    -0.0003  
 7349.653  +115.4438    -0.0003  
 7422.876  +115.4111    -0.0003  
 7496.828  +115.3833    -0.0003  
 7571.518  +115.3555    -0.0003  
 7646.951  +115.3020    -0.0003  
 7723.135  +115.2230    -0.0003  
 7800.078  +115.1483    -0.0003  
 7877.788  +115.0977    -0.0003  
 7956.273  +115.0740    -0.0003  
 8035.539  +115.0811    -0.0003  
 8115.595  +115.1171    -0.0003  
 8196.447  +115.1767    -0.0003  
 8278.107  +115.2696    -0.0003  
 8360.580  +115.3931    -0.0003  
 8443.874  +115.5439    -0.0003  
 8527.998  +115.7292    -0.0003  
 8612.960  +115.9455    -0.0003  
 8698.768  +116.1809    -0.0002  
 8785.432  +116.4182    -0.0002  
 8872.958  +116.6485    -0.0002  
 8961.357  +116.8615    -0.0002  
 9050.637  +117.0324    -0.0002  
 9140.805  +117.1298    -0.0001  
 9231.872  +117.1108    -0.0001  
 9323.848  +117.0824    -0.0001  
 9416.738  +117.1844    -0.0001  
 9510.553  +117.3139    -0.0000  
 9605.304  +117.3100    +0.0000  
 9700.999  +117.0561    +0.0001  
 9797.647  +116.5942    +0.0001  
 9895.258  +116.0856    +0.0002  
 9993.841  +115.5663    +0.0002  
10093.406  +114.9486    +0.0003  
10193.963  +114.1277    +0.0003  
10295.522  +113.2162    +0.0003  
10398.094  +112.3534    +0.0002  
10501.687  +111.5917    +0.0001  
10606.312  +111.0401    +0.0000  
10711.979  +110.6479    -0.0001  
10818.698  +110.4923    -0.0001  
10926.482  +110.7289    -0.0002  
11035.339  +111.2292    -0.0002  
11145.280  +111.9219    -0.0002  
11256.317  +112.6804    -0.0002  
11368.461  +113.3816    -0.0002  
11481.722  +114.0808    -0.0001  
11596.110  +114.7273    -0.0001  
11711.639  +115.3365    -0.0001  
11828.319  +115.9752    -0.0001  
11946.161  +116.6415    -0.0001  
12065.178  +117.2942    +0.0000  
12185.379  +117.6701    +0.0001  
12306.777  +117.5414    +0.0001  
12429.387  +116.8587    +0.0001  
12553.217  +115.7170    +0.0000  
12678.280  +114.2963    +0.0000  
12804.591  +112.6545    +0.0000  
12932.160  +110.8332    -0.0000  
13060.998  +108.8461    -0.0000  
13191.121  +106.8947    -0.0001  
13322.541  +105.3073    -0.0001  
13455.268  +104.3676    -0.0000  
13589.318  +104.1442    -0.0000  
13724.706  +104.4310    +0.0000  
13861.441  +105.0462    +0.0001  
13999.540  +105.7596    +0.0001  
14139.013  +106.4986    +0.0000  
14279.875  +107.2512    +0.0000  
14422.143  +107.9488    +0.0000  
14565.824  +108.5254    +0.0000  
14710.938  +108.8231    +0.0001  
14857.499  +108.6983    +0.0001  
15005.521  +108.0370    +0.0001  
15155.016  +106.7878    +0.0000  
15306.000  +104.9481    +0.0000  
15458.489  +102.4898    +0.0000  
15612.498   +99.3299    +0.0001  
15768.039   +95.6679    +0.0001  
15925.131   +92.4639    +0.0003  
16083.787   +90.8152    +0.0005  
16244.025   +91.0896    +0.0004  
16405.859   +92.8894    +0.0001  
16569.307   +95.2553    -0.0000  
16734.383   +97.3945    -0.0001  
16901.104   +98.9878    -0.0001  
17069.484   +99.8446    -0.0001  
17239.543  +100.0319    -0.0001  
17411.295   +99.6154    -0.0001  
17584.758   +98.4559    -0.0002  
17759.949   +96.7112    -0.0002  
17936.885   +95.0071    -0.0003  
18115.586   +93.9224    -0.0003  
18296.068   +93.5155    -0.0003  
18478.346   +93.3974    -0.0002  
18662.438   +93.0652    -0.0002  
18848.367   +92.4059    -0.0002  
19036.148   +91.6821    -0.0002  
19225.799   +91.1203    -0.0002  
19417.338   +90.8019    -0.0002  
19610.789   +90.6203    -0.0001  
19806.166   +90.4064    -0.0001  
20003.489   +90.192    -0.000  
20202.779   +89.978    -0.000  
20404.054   +89.765    -0.000  
